<?xml version="1.0" encoding="UTF-8"?>
<!-- Generated by org.testng.reporters.JUnitXMLReporter -->
<testsuite hostname="DESKTOP-JRH31QL" name="Regression" tests="8" failures="0" timestamp="14 Aug 2020 07:27:23 GMT" time="121.879" errors="0">
  <testcase name="@BeforeMethod setUpHomePage" time="0.0" classname="testpages.HomePageTest">
    <failure type="org.openqa.selenium.TimeoutException" message="timeout: Timed out receiving message from renderer: 39.094
  (Session info: chrome=84.0.4147.125)
Build info: version: &amp;apos;3.14.0&amp;apos;, revision: &amp;apos;aacccce0&amp;apos;, time: &amp;apos;2018-08-02T20:19:58.91Z&amp;apos;
System info: host: &amp;apos;DESKTOP-JRH31QL&amp;apos;, ip: &amp;apos;192.168.1.7&amp;apos;, os.name: &amp;apos;Windows 10&amp;apos;, os.arch: &amp;apos;amd64&amp;apos;, os.version: &amp;apos;10.0&amp;apos;, java.version: &amp;apos;1.8.0_191&amp;apos;
Driver info: org.openqa.selenium.chrome.ChromeDriver
Capabilities {acceptInsecureCerts: false, browserName: chrome, browserVersion: 84.0.4147.125, chrome: {chromedriverVersion: 84.0.4147.30 (48b3e868b4cc0..., userDataDir: C:\Users\Cimple\AppData\Loc...}, goog:chromeOptions: {debuggerAddress: localhost:1694}, javascriptEnabled: true, networkConnectionEnabled: false, pageLoadStrategy: normal, platform: WINDOWS, platformName: WINDOWS, proxy: Proxy(), setWindowRect: true, strictFileInteractability: false, timeouts: {implicit: 0, pageLoad: 300000, script: 30000}, unhandledPromptBehavior: dismiss and notify, webauthn:virtualAuthenticators: true}
Session ID: faf1f74fcf21c7f23491fc67790ce695">
      <![CDATA[org.openqa.selenium.TimeoutException: timeout: Timed out receiving message from renderer: 39.094
  (Session info: chrome=84.0.4147.125)
Build info: version: '3.14.0', revision: 'aacccce0', time: '2018-08-02T20:19:58.91Z'
System info: host: 'DESKTOP-JRH31QL', ip: '192.168.1.7', os.name: 'Windows 10', os.arch: 'amd64', os.version: '10.0', java.version: '1.8.0_191'
Driver info: org.openqa.selenium.chrome.ChromeDriver
Capabilities {acceptInsecureCerts: false, browserName: chrome, browserVersion: 84.0.4147.125, chrome: {chromedriverVersion: 84.0.4147.30 (48b3e868b4cc0..., userDataDir: C:\Users\Cimple\AppData\Loc...}, goog:chromeOptions: {debuggerAddress: localhost:1694}, javascriptEnabled: true, networkConnectionEnabled: false, pageLoadStrategy: normal, platform: WINDOWS, platformName: WINDOWS, proxy: Proxy(), setWindowRect: true, strictFileInteractability: false, timeouts: {implicit: 0, pageLoad: 300000, script: 30000}, unhandledPromptBehavior: dismiss and notify, webauthn:virtualAuthenticators: true}
Session ID: faf1f74fcf21c7f23491fc67790ce695
	at org.openqa.selenium.remote.http.W3CHttpResponseCodec.createException(W3CHttpResponseCodec.java:187)
	at org.openqa.selenium.remote.http.W3CHttpResponseCodec.decode(W3CHttpResponseCodec.java:122)
	at org.openqa.selenium.remote.http.W3CHttpResponseCodec.decode(W3CHttpResponseCodec.java:49)
	at org.openqa.selenium.remote.HttpCommandExecutor.execute(HttpCommandExecutor.java:158)
	at org.openqa.selenium.remote.service.DriverCommandExecutor.execute(DriverCommandExecutor.java:83)
	at org.openqa.selenium.remote.RemoteWebDriver.execute(RemoteWebDriver.java:548)
	at org.openqa.selenium.remote.RemoteWebDriver.get(RemoteWebDriver.java:276)
	at org.openqa.selenium.support.events.EventFiringWebDriver.lambda$new$1(EventFiringWebDriver.java:105)
	at com.sun.proxy.$Proxy7.get(Unknown Source)
	at org.openqa.selenium.support.events.EventFiringWebDriver.get(EventFiringWebDriver.java:165)
	at testBase.TestBase.InitializationDriver(TestBase.java:70)
	at testpages.HomePageTest.setUpHomePage(HomePageTest.java:21)
... Removed 34 stack frames]]>
    </failure>
  </testcase> <!-- @BeforeMethod setUpHomePage -->
  <testcase name="@AfterMethod tearDown" time="0.0" classname="testpages.HomePageTest">
    <skipped/>
  </testcase> <!-- @AfterMethod tearDown -->
  <testcase name="@BeforeMethod setUpHomePage" time="0.0" classname="testpages.HomePageTest">
    <skipped/>
  </testcase> <!-- @BeforeMethod setUpHomePage -->
  <testcase name="@AfterMethod tearDown" time="0.0" classname="testpages.HomePageTest">
    <skipped/>
  </testcase> <!-- @AfterMethod tearDown -->
  <testcase name="@BeforeMethod setUpHomePage" time="0.0" classname="testpages.HomePageTest">
    <skipped/>
  </testcase> <!-- @BeforeMethod setUpHomePage -->
  <testcase name="@AfterMethod tearDown" time="0.0" classname="testpages.HomePageTest">
    <skipped/>
  </testcase> <!-- @AfterMethod tearDown -->
  <testcase name="@BeforeMethod setUpHomePage" time="0.0" classname="testpages.HomePageTest">
    <skipped/>
  </testcase> <!-- @BeforeMethod setUpHomePage -->
  <testcase name="@AfterMethod tearDown" time="0.0" classname="testpages.HomePageTest">
    <skipped/>
  </testcase> <!-- @AfterMethod tearDown -->
  <testcase name="signInTest" time="3.442" classname="testpages.SignInPageTest"/>
  <testcase name="signInPageTitleTest" time="0.14" classname="testpages.SignInPageTest"/>
  <testcase name="webSiteImageLogoTest" time="0.276" classname="testpages.SignInPageTest"/>
  <testcase name="verifyWelcomeToSignInPageTextTest" time="1.442" classname="testpages.SignInPageTest"/>
  <testcase name="searchItemTest" time="0.001" classname="testpages.HomePageTest">
    <skipped/>
  </testcase> <!-- searchItemTest -->
  <testcase name="homePageTitleTest" time="0.001" classname="testpages.HomePageTest">
    <skipped/>
  </testcase> <!-- homePageTitleTest -->
  <testcase name="validateCorrectUserNameTest" time="0.001" classname="testpages.HomePageTest">
    <skipped/>
  </testcase> <!-- validateCorrectUserNameTest -->
  <testcase name="validateCartItemQuantityTest" time="0.001" classname="testpages.HomePageTest">
    <skipped/>
  </testcase> <!-- validateCartItemQuantityTest -->
</testsuite> <!-- Regression -->
